<?xml version="1.0" encoding="UTF-8"?>
<!-- Generated by org.testng.reporters.JUnitReportReporter -->
<testsuite hostname="BANL1591584af.local" name="com.selenium.testCases.SimpleRegistrationTest" tests="1" failures="0" timestamp="24 May 2017 09:57:46 GMT" time="0.084" errors="0">
  <testcase name="loginTest" time="0.084" classname="com.selenium.testCases.SimpleRegistrationTest"/>
</testsuite> <!-- com.selenium.testCases.SimpleRegistrationTest -->
