<?xml version="1.0" encoding="UTF-8"?>
<!-- Generated by org.testng.reporters.JUnitReportReporter -->
<testsuite hostname="BANL1591584af.local" name="com.IApiTesting.TestingStatusCode_With_HTTPClient" tests="1" failures="0" timestamp="22 May 2017 06:50:20 GMT" time="1.847" errors="0">
  <testcase name="StatusCode" time="1.847" classname="com.IApiTesting.TestingStatusCode_With_HTTPClient"/>
</testsuite> <!-- com.IApiTesting.TestingStatusCode_With_HTTPClient -->
