<?xml version="1.0" encoding="UTF-8"?>
<!-- Generated by org.testng.reporters.JUnitReportReporter -->
<testsuite hostname="BANL1591584af.local" name="com.IApiTesting.TestGetAPIRequest" tests="1" failures="0" timestamp="19 May 2017 09:18:35 GMT" time="1.582" errors="0">
  <testcase name="testGetAPIRequest" time="1.582" classname="com.IApiTesting.TestGetAPIRequest"/>
</testsuite> <!-- com.IApiTesting.TestGetAPIRequest -->
