<?xml version="1.0" encoding="UTF-8"?>
<!-- Generated by org.testng.reporters.JUnitReportReporter -->
<testsuite hostname="BANL1591584af.local" name="com.seleniumwebdriver.programs.ReadValueFromExcel" tests="1" failures="0" timestamp="19 May 2017 05:35:50 GMT" time="0.139" errors="0">
  <testcase name="readValueFromExcel" time="0.139" classname="com.seleniumwebdriver.programs.ReadValueFromExcel"/>
</testsuite> <!-- com.seleniumwebdriver.programs.ReadValueFromExcel -->
