<?xml version="1.0" encoding="UTF-8"?>
<!-- Generated by org.testng.reporters.JUnitReportReporter -->
<testsuite hostname="BANL1591584af.local" name="com.seleniumwebdriver.programs.RefreshPage" tests="1" failures="0" timestamp="15 May 2017 05:29:30 GMT" time="35.052" errors="0">
  <testcase name="pageRefresh" time="35.052" classname="com.seleniumwebdriver.programs.RefreshPage"/>
</testsuite> <!-- com.seleniumwebdriver.programs.RefreshPage -->
