<?xml version="1.0" encoding="UTF-8"?>
<!-- Generated by org.testng.reporters.JUnitReportReporter -->
<testsuite hostname="BANL1591584af.local" name="com.apitesting.programs.TestAPI" tests="2" failures="0" timestamp="19 May 2017 09:02:41 GMT" time="0.049" errors="0">
  <testcase name="testAPIData2" time="0.001" classname="com.apitesting.programs.TestAPI"/>
  <testcase name="testAPIData1" time="0.048" classname="com.apitesting.programs.TestAPI"/>
</testsuite> <!-- com.apitesting.programs.TestAPI -->
